<?xml version="1.0" encoding="UTF-8"?>
<testng-results skipped="0" failed="0" total="1" passed="1">
  <reporter-output>
  </reporter-output>
  <suite name="Default suite" duration-ms="1167" started-at="2018-02-01T06:12:03Z" finished-at="2018-02-01T06:12:04Z">
    <groups>
    </groups>
    <test name="Default test" duration-ms="1167" started-at="2018-02-01T06:12:03Z" finished-at="2018-02-01T06:12:04Z">
      <class name="com.example.demo.testfile">
        <test-method status="PASS" signature="generatePOJO()[pri:0, instance:com.example.demo.testfile@192b07fd]" name="generatePOJO" duration-ms="1105" started-at="2018-02-01T11:42:03Z" finished-at="2018-02-01T11:42:04Z">
          <reporter-output>
          </reporter-output>
        </test-method> <!-- generatePOJO -->
      </class> <!-- com.example.demo.testfile -->
    </test> <!-- Default test -->
  </suite> <!-- Default suite -->
</testng-results>
