<?xml version="1.0" encoding="UTF-8"?>
<testng-results skipped="0" failed="0" total="8" passed="8">
  <reporter-output>
  </reporter-output>
  <suite name="Default suite" duration-ms="15083" started-at="2018-02-06T10:12:27Z" finished-at="2018-02-06T10:12:42Z">
    <groups>
    </groups>
    <test name="Default test" duration-ms="15083" started-at="2018-02-06T10:12:27Z" finished-at="2018-02-06T10:12:42Z">
      <class name="com.example.demo.testfile">
        <test-method status="PASS" signature="TC1(int, java.util.HashMap)[pri:0, instance:com.example.demo.testfile@2d928643]" name="TC1" duration-ms="14123" started-at="2018-02-06T15:42:27Z" data-provider="data2" finished-at="2018-02-06T15:42:41Z">
          <params>
            <param index="0">
              <value>
                <![CDATA[1]]>
              </value>
            </param>
            <param index="1">
              <value>
                <![CDATA[{Expected=Not Submitted, Email=shaz@@yopmail.com, Pass=aman, Invalid=Email, Name=Aman}]]>
              </value>
            </param>
          </params>
          <reporter-output>
          </reporter-output>
        </test-method> <!-- TC1 -->
        <test-method status="PASS" signature="TC1(int, java.util.HashMap)[pri:0, instance:com.example.demo.testfile@2d928643]" name="TC1" duration-ms="2" started-at="2018-02-06T15:42:41Z" data-provider="data2" finished-at="2018-02-06T15:42:41Z">
          <params>
            <param index="0">
              <value>
                <![CDATA[2]]>
              </value>
            </param>
            <param index="1">
              <value>
                <![CDATA[{Expected=Not Submitted, Email=!@#@@yopmail.com, Pass=aman, Invalid=Email, Name=Aman}]]>
              </value>
            </param>
          </params>
          <reporter-output>
          </reporter-output>
        </test-method> <!-- TC1 -->
        <test-method status="PASS" signature="TC1(int, java.util.HashMap)[pri:0, instance:com.example.demo.testfile@2d928643]" name="TC1" duration-ms="1" started-at="2018-02-06T15:42:41Z" data-provider="data2" finished-at="2018-02-06T15:42:41Z">
          <params>
            <param index="0">
              <value>
                <![CDATA[3]]>
              </value>
            </param>
            <param index="1">
              <value>
                <![CDATA[{Expected=Not Submitted, Email=shaz@yopmail.com, Pass=aman, Name=!false  name^&*(, Invalid=Name}]]>
              </value>
            </param>
          </params>
          <reporter-output>
          </reporter-output>
        </test-method> <!-- TC1 -->
        <test-method status="PASS" signature="TC1(int, java.util.HashMap)[pri:0, instance:com.example.demo.testfile@2d928643]" name="TC1" duration-ms="1" started-at="2018-02-06T15:42:41Z" data-provider="data2" finished-at="2018-02-06T15:42:41Z">
          <params>
            <param index="0">
              <value>
                <![CDATA[4]]>
              </value>
            </param>
            <param index="1">
              <value>
                <![CDATA[{Expected=Not Submitted, Email=shaz@yopmail.com, Pass=aman, Name=*(&^%$#@, Invalid=Name}]]>
              </value>
            </param>
          </params>
          <reporter-output>
          </reporter-output>
        </test-method> <!-- TC1 -->
        <test-method status="PASS" signature="TC1(int, java.util.HashMap)[pri:0, instance:com.example.demo.testfile@2d928643]" name="TC1" duration-ms="2" started-at="2018-02-06T15:42:41Z" data-provider="data2" finished-at="2018-02-06T15:42:41Z">
          <params>
            <param index="0">
              <value>
                <![CDATA[5]]>
              </value>
            </param>
            <param index="1">
              <value>
                <![CDATA[{Expected=Not Submitted, Email=shaz@yopmail.com, Pass=(*&^%$#, Invalid=Pass, Name=Aman}]]>
              </value>
            </param>
          </params>
          <reporter-output>
          </reporter-output>
        </test-method> <!-- TC1 -->
        <test-method status="PASS" signature="TC1(int, java.util.HashMap)[pri:0, instance:com.example.demo.testfile@2d928643]" name="TC1" duration-ms="3" started-at="2018-02-06T15:42:41Z" data-provider="data2" finished-at="2018-02-06T15:42:41Z">
          <params>
            <param index="0">
              <value>
                <![CDATA[6]]>
              </value>
            </param>
            <param index="1">
              <value>
                <![CDATA[{Expected=Submitted, Email=shaz@yopmail.com, Pass=aman, Name=Aman, Invalid=Nothing}]]>
              </value>
            </param>
          </params>
          <reporter-output>
          </reporter-output>
        </test-method> <!-- TC1 -->
        <test-method status="PASS" signature="TC1(int, java.util.HashMap)[pri:0, instance:com.example.demo.testfile@2d928643]" name="TC1" duration-ms="4" started-at="2018-02-06T15:42:41Z" data-provider="data2" finished-at="2018-02-06T15:42:41Z">
          <params>
            <param index="0">
              <value>
                <![CDATA[7]]>
              </value>
            </param>
            <param index="1">
              <value>
                <![CDATA[{Expected=Not Submitted, Email=!@#@@yopmail.com, Pass=(*&^%$#, Invalid=All, Name=*(&^%$#@}]]>
              </value>
            </param>
          </params>
          <reporter-output>
          </reporter-output>
        </test-method> <!-- TC1 -->
        <test-method status="PASS" signature="generatePOJO()[pri:0, instance:com.example.demo.testfile@2d928643]" name="generatePOJO" duration-ms="394" started-at="2018-02-06T15:42:41Z" finished-at="2018-02-06T15:42:42Z">
          <reporter-output>
          </reporter-output>
        </test-method> <!-- generatePOJO -->
      </class> <!-- com.example.demo.testfile -->
    </test> <!-- Default test -->
  </suite> <!-- Default suite -->
</testng-results>
